<?xml version="1.0" encoding="UTF-8"?>
<testsuite name="com.jbee.springboot.web.IndexControllerTest" tests="1" skipped="0" failures="0" errors="0" timestamp="2021-08-31T13:57:03" hostname="DESKTOP-VRJCQGL" time="0.533">
  <properties/>
  <testcase name="메인페이지_로딩" classname="com.jbee.springboot.web.IndexControllerTest" time="0.533"/>
  <system-out><![CDATA[2021-08-31 22:56:59.396  INFO 21828 --- [    Test worker] .b.t.c.SpringBootTestContextBootstrapper : Neither @ContextConfiguration nor @ContextHierarchy found for test class [com.jbee.springboot.web.IndexControllerTest], using SpringBootContextLoader
2021-08-31 22:56:59.398  INFO 21828 --- [    Test worker] o.s.t.c.support.AbstractContextLoader    : Could not detect default resource locations for test class [com.jbee.springboot.web.IndexControllerTest]: no resource found for suffixes {-context.xml, Context.groovy}.
2021-08-31 22:56:59.398  INFO 21828 --- [    Test worker] t.c.s.AnnotationConfigContextLoaderUtils : Could not detect default configuration classes for test class [com.jbee.springboot.web.IndexControllerTest]: IndexControllerTest does not declare any static, non-private, non-final, nested classes annotated with @Configuration.
2021-08-31 22:56:59.415  INFO 21828 --- [    Test worker] .b.t.c.SpringBootTestContextBootstrapper : Found @SpringBootConfiguration com.jbee.springboot.Application for test class com.jbee.springboot.web.IndexControllerTest
2021-08-31 22:56:59.418  INFO 21828 --- [    Test worker] .b.t.c.SpringBootTestContextBootstrapper : Loaded default TestExecutionListener class names from location [META-INF/spring.factories]: [org.springframework.security.test.context.support.WithSecurityContextTestExecutionListener, org.springframework.security.test.context.support.ReactorContextTestExecutionListener, org.springframework.boot.test.autoconfigure.restdocs.RestDocsTestExecutionListener, org.springframework.boot.test.autoconfigure.web.client.MockRestServiceServerResetTestExecutionListener, org.springframework.boot.test.autoconfigure.web.servlet.MockMvcPrintOnlyOnFailureTestExecutionListener, org.springframework.boot.test.autoconfigure.web.servlet.WebDriverTestExecutionListener, org.springframework.boot.test.mock.mockito.MockitoTestExecutionListener, org.springframework.boot.test.mock.mockito.ResetMocksTestExecutionListener, org.springframework.test.context.web.ServletTestExecutionListener, org.springframework.test.context.support.DirtiesContextBeforeModesTestExecutionListener, org.springframework.test.context.support.DependencyInjectionTestExecutionListener, org.springframework.test.context.support.DirtiesContextTestExecutionListener, org.springframework.test.context.transaction.TransactionalTestExecutionListener, org.springframework.test.context.jdbc.SqlScriptsTestExecutionListener]
2021-08-31 22:56:59.420  INFO 21828 --- [    Test worker] .b.t.c.SpringBootTestContextBootstrapper : Using TestExecutionListeners: [org.springframework.test.context.web.ServletTestExecutionListener@57d70e62, org.springframework.test.context.support.DirtiesContextBeforeModesTestExecutionListener@177f0d7, org.springframework.boot.test.mock.mockito.MockitoTestExecutionListener@66f7dfd3, org.springframework.boot.test.autoconfigure.SpringBootDependencyInjectionTestExecutionListener@494758c8, org.springframework.test.context.support.DirtiesContextTestExecutionListener@260cfb9c, org.springframework.test.context.transaction.TransactionalTestExecutionListener@18c346c2, org.springframework.test.context.jdbc.SqlScriptsTestExecutionListener@40920b4e, org.springframework.security.test.context.support.WithSecurityContextTestExecutionListener@33e09a8c, org.springframework.security.test.context.support.ReactorContextTestExecutionListener@72714777, org.springframework.boot.test.autoconfigure.restdocs.RestDocsTestExecutionListener@7086faad, org.springframework.boot.test.autoconfigure.web.client.MockRestServiceServerResetTestExecutionListener@209e5788, org.springframework.boot.test.autoconfigure.web.servlet.MockMvcPrintOnlyOnFailureTestExecutionListener@171d9ded, org.springframework.boot.test.autoconfigure.web.servlet.WebDriverTestExecutionListener@6f2f3a86, org.springframework.boot.test.mock.mockito.ResetMocksTestExecutionListener@28bbe65c]

  .   ____          _            __ _ _
 /\\ / ___'_ __ _ _(_)_ __  __ _ \ \ \ \
( ( )\___ | '_ | '_| | '_ \/ _` | \ \ \ \
 \\/  ___)| |_)| | | | | || (_| |  ) ) ) )
  '  |____| .__|_| |_|_| |_\__, | / / / /
 =========|_|==============|___/=/_/_/_/
 :: Spring Boot ::        (v2.1.7.RELEASE)

2021-08-31 22:56:59.507  INFO 21828 --- [    Test worker] c.j.springboot.web.IndexControllerTest   : Starting IndexControllerTest on DESKTOP-VRJCQGL with PID 21828 (started by tlswo in C:\Users\tlswo\IdeaProjects\spring_boot_web_service_practice)
2021-08-31 22:56:59.507  INFO 21828 --- [    Test worker] c.j.springboot.web.IndexControllerTest   : No active profile set, falling back to default profiles: default
2021-08-31 22:56:59.880  INFO 21828 --- [    Test worker] .s.d.r.c.RepositoryConfigurationDelegate : Bootstrapping Spring Data repositories in DEFAULT mode.
2021-08-31 22:56:59.919  INFO 21828 --- [    Test worker] .s.d.r.c.RepositoryConfigurationDelegate : Finished Spring Data repository scanning in 39ms. Found 2 repository interfaces.
2021-08-31 22:57:00.121  INFO 21828 --- [    Test worker] trationDelegate$BeanPostProcessorChecker : Bean 'org.springframework.transaction.annotation.ProxyTransactionManagementConfiguration' of type [org.springframework.transaction.annotation.ProxyTransactionManagementConfiguration$$EnhancerBySpringCGLIB$$84b8ca84] is not eligible for getting processed by all BeanPostProcessors (for example: not eligible for auto-proxying)
2021-08-31 22:57:00.576  INFO 21828 --- [    Test worker] o.s.b.w.embedded.tomcat.TomcatWebServer  : Tomcat initialized with port(s): 0 (http)
2021-08-31 22:57:00.628  INFO 21828 --- [    Test worker] o.apache.catalina.core.StandardService   : Starting service [Tomcat]
2021-08-31 22:57:00.629  INFO 21828 --- [    Test worker] org.apache.catalina.core.StandardEngine  : Starting Servlet engine: [Apache Tomcat/9.0.22]
2021-08-31 22:57:00.945  INFO 21828 --- [    Test worker] o.a.c.c.C.[Tomcat].[localhost].[/]       : Initializing Spring embedded WebApplicationContext
2021-08-31 22:57:00.946  INFO 21828 --- [    Test worker] o.s.web.context.ContextLoader            : Root WebApplicationContext: initialization completed in 1432 ms
2021-08-31 22:57:01.302  INFO 21828 --- [    Test worker] com.zaxxer.hikari.HikariDataSource       : HikariPool-2 - Starting...
2021-08-31 22:57:01.304  INFO 21828 --- [    Test worker] com.zaxxer.hikari.HikariDataSource       : HikariPool-2 - Start completed.
2021-08-31 22:57:01.388  INFO 21828 --- [    Test worker] o.hibernate.jpa.internal.util.LogHelper  : HHH000204: Processing PersistenceUnitInfo [
	name: default
	...]
2021-08-31 22:57:01.411  INFO 21828 --- [    Test worker] org.hibernate.dialect.Dialect            : HHH000400: Using dialect: org.hibernate.dialect.MySQL5InnoDBDialect
Hibernate: drop table if exists posts
Hibernate: drop table if exists user
Hibernate: create table posts (id bigint not null auto_increment, created_date datetime, modified_date datetime, author varchar(255), content TEXT not null, title varchar(500) not null, primary key (id)) engine=InnoDB
Hibernate: create table user (id bigint not null auto_increment, created_date datetime, modified_date datetime, email varchar(255) not null, name varchar(255) not null, picture varchar(255), role varchar(255) not null, primary key (id)) engine=InnoDB
2021-08-31 22:57:01.517  INFO 21828 --- [    Test worker] o.h.t.schema.internal.SchemaCreatorImpl  : HHH000476: Executing import script 'org.hibernate.tool.schema.internal.exec.ScriptSourceInputNonExistentImpl@4c4c18eb'
2021-08-31 22:57:01.518  INFO 21828 --- [    Test worker] j.LocalContainerEntityManagerFactoryBean : Initialized JPA EntityManagerFactory for persistence unit 'default'
2021-08-31 22:57:02.194  INFO 21828 --- [    Test worker] o.h.h.i.QueryTranslatorFactoryInitiator  : HHH000397: Using ASTQueryTranslatorFactory
2021-08-31 22:57:02.494  INFO 21828 --- [    Test worker] o.s.s.web.DefaultSecurityFilterChain     : Creating filter chain: any request, [org.springframework.security.web.context.request.async.WebAsyncManagerIntegrationFilter@2d786f0e, org.springframework.security.web.context.SecurityContextPersistenceFilter@76a2fb31, org.springframework.security.web.header.HeaderWriterFilter@275e761c, org.springframework.security.web.authentication.logout.LogoutFilter@1da2f24c, org.springframework.security.oauth2.client.web.OAuth2AuthorizationRequestRedirectFilter@4712a113, org.springframework.security.oauth2.client.web.OAuth2LoginAuthenticationFilter@2876f9a6, org.springframework.security.web.authentication.ui.DefaultLoginPageGeneratingFilter@7c38f589, org.springframework.security.web.authentication.ui.DefaultLogoutPageGeneratingFilter@587504cf, org.springframework.security.web.savedrequest.RequestCacheAwareFilter@58b788ff, org.springframework.security.web.servletapi.SecurityContextHolderAwareRequestFilter@c0dfb63, org.springframework.security.web.authentication.AnonymousAuthenticationFilter@abd2ceb, org.springframework.security.web.session.SessionManagementFilter@52544221, org.springframework.security.web.access.ExceptionTranslationFilter@430db6cc, org.springframework.security.web.access.intercept.FilterSecurityInterceptor@bcfc6e8]
2021-08-31 22:57:02.882  INFO 21828 --- [    Test worker] o.s.s.concurrent.ThreadPoolTaskExecutor  : Initializing ExecutorService 'applicationTaskExecutor'
2021-08-31 22:57:02.907  WARN 21828 --- [    Test worker] aWebConfiguration$JpaWebMvcConfiguration : spring.jpa.open-in-view is enabled by default. Therefore, database queries may be performed during view rendering. Explicitly configure spring.jpa.open-in-view to disable this warning
2021-08-31 22:57:02.959  INFO 21828 --- [    Test worker] o.s.b.a.w.s.WelcomePageHandlerMapping    : Adding welcome page template: index
2021-08-31 22:57:03.535  INFO 21828 --- [    Test worker] s.a.ScheduledAnnotationBeanPostProcessor : No TaskScheduler/ScheduledExecutorService bean found for scheduled processing
2021-08-31 22:57:03.573  INFO 21828 --- [    Test worker] o.s.b.w.embedded.tomcat.TomcatWebServer  : Tomcat started on port(s): 8432 (http) with context path ''
2021-08-31 22:57:03.575  INFO 21828 --- [    Test worker] c.j.springboot.web.IndexControllerTest   : Started IndexControllerTest in 4.151 seconds (JVM running for 17.102)
2021-08-31 22:57:03.807  INFO 21828 --- [o-auto-1-exec-1] o.a.c.c.C.[Tomcat].[localhost].[/]       : Initializing Spring DispatcherServlet 'dispatcherServlet'
2021-08-31 22:57:03.808  INFO 21828 --- [o-auto-1-exec-1] o.s.web.servlet.DispatcherServlet        : Initializing Servlet 'dispatcherServlet'
2021-08-31 22:57:03.874  INFO 21828 --- [o-auto-1-exec-1] o.s.web.servlet.DispatcherServlet        : Completed initialization in 65 ms
Hibernate: select posts0_.id as id1_0_, posts0_.created_date as created_2_0_, posts0_.modified_date as modified3_0_, posts0_.author as author4_0_, posts0_.content as content5_0_, posts0_.title as title6_0_ from posts posts0_ order by posts0_.id DESC
]]></system-out>
  <system-err><![CDATA[]]></system-err>
</testsuite>
